==2520695== Memcheck, a memory error detector
==2520695== Copyright (C) 2002-2017, and GNU GPL'd, by Julian Seward et al.
==2520695== Using Valgrind-3.18.1 and LibVEX; rerun with -h for copyright info
==2520695== Command: ./minishell
==2520695== Parent PID: 2520693
==2520695== 
==2520695== 
==2520695== FILE DESCRIPTORS: 7 open (3 std) at exit.
==2520695== Open file descriptor 103: /usr/share/code/v8_context_snapshot.bin
==2520695==    <inherited from parent>
==2520695== 
==2520695== Open AF_UNIX socket 41: <unknown>
==2520695==    <inherited from parent>
==2520695== 
==2520695== Open file descriptor 40: /home/gkamanur/.config/Code/logs/20250828T091243/ptyhost.log
==2520695==    <inherited from parent>
==2520695== 
==2520695== Open file descriptor 3: /home/gkamanur/42_Projects/minishell/minishell_norminette/valgrind.log
==2520695==    <inherited from parent>
==2520695== 
==2520695== 
==2520695== HEAP SUMMARY:
==2520695==     in use at exit: 220,976 bytes in 586 blocks
==2520695==   total heap usage: 1,133 allocs, 547 frees, 251,448 bytes allocated
==2520695== 
==2520695== 4 bytes in 1 blocks are still reachable in loss record 1 of 79
==2520695==    at 0x4848899: malloc (in /usr/libexec/valgrind/vgpreload_memcheck-amd64-linux.so)
==2520695==    by 0x4068E0: setup_allocations (pipe_utils.c:20)
==2520695==    by 0x406784: ft_pipe_up_bonus (pipe.c:43)
==2520695==    by 0x408DF8: ft_start_execution (heredoc.c:111)
==2520695==    by 0x4095E2: ft_manage_inputline (main.c:64)
==2520695==    by 0x409676: master_shell_loop (main.c:88)
==2520695==    by 0x409719: main (main.c:106)
==2520695== 
==2520695== 4 bytes in 1 blocks are still reachable in loss record 2 of 79
==2520695==    at 0x4848899: malloc (in /usr/libexec/valgrind/vgpreload_memcheck-amd64-linux.so)
==2520695==    by 0x402790: ft_strdup (ft_strdup.c:24)
==2520695==    by 0x40439F: ft_create_env_var (env_var.c:53)
==2520695==    by 0x4044DB: ft_set_env_var (env_var.c:81)
==2520695==    by 0x404C1B: builtin_export (export.c:130)
==2520695==    by 0x403CCE: ft_dispatch_builtin (built.c:39)
==2520695==    by 0x406980: handle_parent_builtin (pipe_utils.c:32)
==2520695==    by 0x40679C: ft_pipe_up_bonus (pipe.c:44)
==2520695==    by 0x408DF8: ft_start_execution (heredoc.c:111)
==2520695==    by 0x4095E2: ft_manage_inputline (main.c:64)
==2520695==    by 0x409676: master_shell_loop (main.c:88)
==2520695==    by 0x409719: main (main.c:106)
==2520695== 
==2520695== 5 bytes in 1 blocks are still reachable in loss record 3 of 79
==2520695==    at 0x4848899: malloc (in /usr/libexec/valgrind/vgpreload_memcheck-amd64-linux.so)
==2520695==    by 0x40294B: ft_strjoin (ft_strjoin.c:25)
==2520695==    by 0x405002: ft_append_piece (exap_utils.c:46)
==2520695==    by 0x405646: ft_create_expansion_main (expansion.c:157)
==2520695==    by 0x40571A: ft_expand_cmds (expansion.c:183)
==2520695==    by 0x4095D1: ft_manage_inputline (main.c:63)
==2520695==    by 0x409676: master_shell_loop (main.c:88)
==2520695==    by 0x409719: main (main.c:106)
==2520695== 
==2520695== 6 bytes in 1 blocks are still reachable in loss record 4 of 79
==2520695==    at 0x4848899: malloc (in /usr/libexec/valgrind/vgpreload_memcheck-amd64-linux.so)
==2520695==    by 0x402790: ft_strdup (ft_strdup.c:24)
==2520695==    by 0x404381: ft_create_env_var (env_var.c:51)
==2520695==    by 0x4044DB: ft_set_env_var (env_var.c:81)
==2520695==    by 0x404C1B: builtin_export (export.c:130)
==2520695==    by 0x403CCE: ft_dispatch_builtin (built.c:39)
==2520695==    by 0x406980: handle_parent_builtin (pipe_utils.c:32)
==2520695==    by 0x40679C: ft_pipe_up_bonus (pipe.c:44)
==2520695==    by 0x408DF8: ft_start_execution (heredoc.c:111)
==2520695==    by 0x4095E2: ft_manage_inputline (main.c:64)
==2520695==    by 0x409676: master_shell_loop (main.c:88)
==2520695==    by 0x409719: main (main.c:106)
==2520695== 
==2520695== 8 bytes in 1 blocks are still reachable in loss record 5 of 79
==2520695==    at 0x4848899: malloc (in /usr/libexec/valgrind/vgpreload_memcheck-amd64-linux.so)
==2520695==    by 0x497158E: strdup (strdup.c:42)
==2520695==    by 0x4B0FD17: _nc_trim_sgr0 (in /usr/lib/x86_64-linux-gnu/libtinfo.so.6.3)
==2520695==    by 0x4B0E6A8: tgetent_sp (in /usr/lib/x86_64-linux-gnu/libtinfo.so.6.3)
==2520695==    by 0x48AA1CD: _rl_init_terminal_io (in /usr/lib/x86_64-linux-gnu/libreadline.so.8.1)
==2520695==    by 0x4896A0F: rl_initialize (in /usr/lib/x86_64-linux-gnu/libreadline.so.8.1)
==2520695==    by 0x4896CD4: readline (in /usr/lib/x86_64-linux-gnu/libreadline.so.8.1)
==2520695==    by 0x409638: master_shell_loop (main.c:81)
==2520695==    by 0x409719: main (main.c:106)
==2520695== 
==2520695== 8 bytes in 1 blocks are still reachable in loss record 6 of 79
==2520695==    at 0x484DCD3: realloc (in /usr/libexec/valgrind/vgpreload_memcheck-amd64-linux.so)
==2520695==    by 0x48AF491: xrealloc (in /usr/lib/x86_64-linux-gnu/libreadline.so.8.1)
==2520695==    by 0x489B626: ??? (in /usr/lib/x86_64-linux-gnu/libreadline.so.8.1)
==2520695==    by 0x489BE0D: rl_expand_prompt (in /usr/lib/x86_64-linux-gnu/libreadline.so.8.1)
==2520695==    by 0x488B1BF: rl_set_prompt (in /usr/lib/x86_64-linux-gnu/libreadline.so.8.1)
==2520695==    by 0x4896CCF: readline (in /usr/lib/x86_64-linux-gnu/libreadline.so.8.1)
==2520695==    by 0x409638: master_shell_loop (main.c:81)
==2520695==    by 0x409719: main (main.c:106)
==2520695== 
==2520695== 13 bytes in 1 blocks are still reachable in loss record 7 of 79
==2520695==    at 0x4848899: malloc (in /usr/libexec/valgrind/vgpreload_memcheck-amd64-linux.so)
==2520695==    by 0x48AEBAC: xmalloc (in /usr/lib/x86_64-linux-gnu/libreadline.so.8.1)
==2520695==    by 0x489CBF5: ??? (in /usr/lib/x86_64-linux-gnu/libreadline.so.8.1)
==2520695==    by 0x4896A38: rl_initialize (in /usr/lib/x86_64-linux-gnu/libreadline.so.8.1)
==2520695==    by 0x4896CD4: readline (in /usr/lib/x86_64-linux-gnu/libreadline.so.8.1)
==2520695==    by 0x409638: master_shell_loop (main.c:81)
==2520695==    by 0x409719: main (main.c:106)
==2520695== 
==2520695== 14 bytes in 1 blocks are still reachable in loss record 8 of 79
==2520695==    at 0x484DCD3: realloc (in /usr/libexec/valgrind/vgpreload_memcheck-amd64-linux.so)
==2520695==    by 0x4B026CC: _nc_doalloc (in /usr/lib/x86_64-linux-gnu/libtinfo.so.6.3)
==2520695==    by 0x4B09272: _nc_tiparm (in /usr/lib/x86_64-linux-gnu/libtinfo.so.6.3)
==2520695==    by 0x4B0FC7D: ??? (in /usr/lib/x86_64-linux-gnu/libtinfo.so.6.3)
==2520695==    by 0x4B0FD09: _nc_trim_sgr0 (in /usr/lib/x86_64-linux-gnu/libtinfo.so.6.3)
==2520695==    by 0x4B0E6A8: tgetent_sp (in /usr/lib/x86_64-linux-gnu/libtinfo.so.6.3)
==2520695==    by 0x48AA1CD: _rl_init_terminal_io (in /usr/lib/x86_64-linux-gnu/libreadline.so.8.1)
==2520695==    by 0x4896A0F: rl_initialize (in /usr/lib/x86_64-linux-gnu/libreadline.so.8.1)
==2520695==    by 0x4896CD4: readline (in /usr/lib/x86_64-linux-gnu/libreadline.so.8.1)
==2520695==    by 0x409638: master_shell_loop (main.c:81)
==2520695==    by 0x409719: main (main.c:106)
==2520695== 
==2520695== 15 bytes in 1 blocks are still reachable in loss record 9 of 79
==2520695==    at 0x4848899: malloc (in /usr/libexec/valgrind/vgpreload_memcheck-amd64-linux.so)
==2520695==    by 0x497158E: strdup (strdup.c:42)
==2520695==    by 0x4B01377: ??? (in /usr/lib/x86_64-linux-gnu/libtinfo.so.6.3)
==2520695==    by 0x4B03BF8: _nc_first_db (in /usr/lib/x86_64-linux-gnu/libtinfo.so.6.3)
==2520695==    by 0x4B0D696: _nc_read_entry2 (in /usr/lib/x86_64-linux-gnu/libtinfo.so.6.3)
==2520695==    by 0x4B0D711: ??? (in /usr/lib/x86_64-linux-gnu/libtinfo.so.6.3)
==2520695==    by 0x4B0D866: _nc_setupterm (in /usr/lib/x86_64-linux-gnu/libtinfo.so.6.3)
==2520695==    by 0x4B0E4C9: tgetent_sp (in /usr/lib/x86_64-linux-gnu/libtinfo.so.6.3)
==2520695==    by 0x48AA1CD: _rl_init_terminal_io (in /usr/lib/x86_64-linux-gnu/libreadline.so.8.1)
==2520695==    by 0x4896A0F: rl_initialize (in /usr/lib/x86_64-linux-gnu/libreadline.so.8.1)
==2520695==    by 0x4896CD4: readline (in /usr/lib/x86_64-linux-gnu/libreadline.so.8.1)
==2520695==    by 0x409638: master_shell_loop (main.c:81)
==2520695== 
==2520695== 15 bytes in 1 blocks are still reachable in loss record 10 of 79
==2520695==    at 0x4848899: malloc (in /usr/libexec/valgrind/vgpreload_memcheck-amd64-linux.so)
==2520695==    by 0x497158E: strdup (strdup.c:42)
==2520695==    by 0x4B0D8AE: _nc_setupterm (in /usr/lib/x86_64-linux-gnu/libtinfo.so.6.3)
==2520695==    by 0x4B0E4C9: tgetent_sp (in /usr/lib/x86_64-linux-gnu/libtinfo.so.6.3)
==2520695==    by 0x48AA1CD: _rl_init_terminal_io (in /usr/lib/x86_64-linux-gnu/libreadline.so.8.1)
==2520695==    by 0x4896A0F: rl_initialize (in /usr/lib/x86_64-linux-gnu/libreadline.so.8.1)
==2520695==    by 0x4896CD4: readline (in /usr/lib/x86_64-linux-gnu/libreadline.so.8.1)
==2520695==    by 0x409638: master_shell_loop (main.c:81)
==2520695==    by 0x409719: main (main.c:106)
==2520695== 
==2520695== 16 bytes in 1 blocks are still reachable in loss record 11 of 79
==2520695==    at 0x4848899: malloc (in /usr/libexec/valgrind/vgpreload_memcheck-amd64-linux.so)
==2520695==    by 0x4896B26: rl_initialize (in /usr/lib/x86_64-linux-gnu/libreadline.so.8.1)
==2520695==    by 0x4896CD4: readline (in /usr/lib/x86_64-linux-gnu/libreadline.so.8.1)
==2520695==    by 0x409638: master_shell_loop (main.c:81)
==2520695==    by 0x409719: main (main.c:106)
==2520695== 
==2520695== 20 bytes in 1 blocks are still reachable in loss record 12 of 79
==2520695==    at 0x4848899: malloc (in /usr/libexec/valgrind/vgpreload_memcheck-amd64-linux.so)
==2520695==    by 0x48AEBAC: xmalloc (in /usr/lib/x86_64-linux-gnu/libreadline.so.8.1)
==2520695==    by 0x4899D8B: ??? (in /usr/lib/x86_64-linux-gnu/libreadline.so.8.1)
==2520695==    by 0x489C6C9: rl_parse_and_bind (in /usr/lib/x86_64-linux-gnu/libreadline.so.8.1)
==2520695==    by 0x489CB6C: ??? (in /usr/lib/x86_64-linux-gnu/libreadline.so.8.1)
==2520695==    by 0x4896A38: rl_initialize (in /usr/lib/x86_64-linux-gnu/libreadline.so.8.1)
==2520695==    by 0x4896CD4: readline (in /usr/lib/x86_64-linux-gnu/libreadline.so.8.1)
==2520695==    by 0x409638: master_shell_loop (main.c:81)
==2520695==    by 0x409719: main (main.c:106)
==2520695== 
==2520695== 22 bytes in 2 blocks are still reachable in loss record 13 of 79
==2520695==    at 0x4848899: malloc (in /usr/libexec/valgrind/vgpreload_memcheck-amd64-linux.so)
==2520695==    by 0x48AEBAC: xmalloc (in /usr/lib/x86_64-linux-gnu/libreadline.so.8.1)
==2520695==    by 0x48A5B39: alloc_history_entry (in /usr/lib/x86_64-linux-gnu/libreadline.so.8.1)
==2520695==    by 0x48A7F65: add_history (in /usr/lib/x86_64-linux-gnu/libreadline.so.8.1)
==2520695==    by 0x40953C: ft_manage_inputline (main.c:50)
==2520695==    by 0x409676: master_shell_loop (main.c:88)
==2520695==    by 0x409719: main (main.c:106)
==2520695== 
==2520695== 24 bytes in 1 blocks are still reachable in loss record 14 of 79
==2520695==    at 0x4848899: malloc (in /usr/libexec/valgrind/vgpreload_memcheck-amd64-linux.so)
==2520695==    by 0x409441: ft_init_shell (main.c:22)
==2520695==    by 0x4094B0: ft_shell_setup (main.c:35)
==2520695==    by 0x4096F7: main (main.c:103)
==2520695== 
==2520695== 24 bytes in 1 blocks are still reachable in loss record 15 of 79
==2520695==    at 0x4848899: malloc (in /usr/libexec/valgrind/vgpreload_memcheck-amd64-linux.so)
==2520695==    by 0x49E8F34: tsearch (tsearch.c:337)
==2520695==    by 0x4B05D6E: ??? (in /usr/lib/x86_64-linux-gnu/libtinfo.so.6.3)
==2520695==    by 0x4B09098: _nc_tiparm (in /usr/lib/x86_64-linux-gnu/libtinfo.so.6.3)
==2520695==    by 0x4B0FC7D: ??? (in /usr/lib/x86_64-linux-gnu/libtinfo.so.6.3)
==2520695==    by 0x4B0FD09: _nc_trim_sgr0 (in /usr/lib/x86_64-linux-gnu/libtinfo.so.6.3)
==2520695==    by 0x4B0E6A8: tgetent_sp (in /usr/lib/x86_64-linux-gnu/libtinfo.so.6.3)
==2520695==    by 0x48AA1CD: _rl_init_terminal_io (in /usr/lib/x86_64-linux-gnu/libreadline.so.8.1)
==2520695==    by 0x4896A0F: rl_initialize (in /usr/lib/x86_64-linux-gnu/libreadline.so.8.1)
==2520695==    by 0x4896CD4: readline (in /usr/lib/x86_64-linux-gnu/libreadline.so.8.1)
==2520695==    by 0x409638: master_shell_loop (main.c:81)
==2520695==    by 0x409719: main (main.c:106)
==2520695== 
==2520695== 24 bytes in 1 blocks are still reachable in loss record 16 of 79
==2520695==    at 0x4848899: malloc (in /usr/libexec/valgrind/vgpreload_memcheck-amd64-linux.so)
==2520695==    by 0x40435D: ft_create_env_var (env_var.c:48)
==2520695==    by 0x4044DB: ft_set_env_var (env_var.c:81)
==2520695==    by 0x404C1B: builtin_export (export.c:130)
==2520695==    by 0x403CCE: ft_dispatch_builtin (built.c:39)
==2520695==    by 0x406980: handle_parent_builtin (pipe_utils.c:32)
==2520695==    by 0x40679C: ft_pipe_up_bonus (pipe.c:44)
==2520695==    by 0x408DF8: ft_start_execution (heredoc.c:111)
==2520695==    by 0x4095E2: ft_manage_inputline (main.c:64)
==2520695==    by 0x409676: master_shell_loop (main.c:88)
==2520695==    by 0x409719: main (main.c:106)
==2520695== 
==2520695== 24 bytes in 2 blocks are still reachable in loss record 17 of 79
==2520695==    at 0x4848899: malloc (in /usr/libexec/valgrind/vgpreload_memcheck-amd64-linux.so)
==2520695==    by 0x48AEBAC: xmalloc (in /usr/lib/x86_64-linux-gnu/libreadline.so.8.1)
==2520695==    by 0x48A7F28: add_history (in /usr/lib/x86_64-linux-gnu/libreadline.so.8.1)
==2520695==    by 0x40953C: ft_manage_inputline (main.c:50)
==2520695==    by 0x409676: master_shell_loop (main.c:88)
==2520695==    by 0x409719: main (main.c:106)
==2520695== 
==2520695== 27 bytes in 1 blocks are still reachable in loss record 18 of 79
==2520695==    at 0x4848899: malloc (in /usr/libexec/valgrind/vgpreload_memcheck-amd64-linux.so)
==2520695==    by 0x4B03624: _nc_home_terminfo (in /usr/lib/x86_64-linux-gnu/libtinfo.so.6.3)
==2520695==    by 0x4B03BE2: _nc_first_db (in /usr/lib/x86_64-linux-gnu/libtinfo.so.6.3)
==2520695==    by 0x4B0D696: _nc_read_entry2 (in /usr/lib/x86_64-linux-gnu/libtinfo.so.6.3)
==2520695==    by 0x4B0D711: ??? (in /usr/lib/x86_64-linux-gnu/libtinfo.so.6.3)
==2520695==    by 0x4B0D866: _nc_setupterm (in /usr/lib/x86_64-linux-gnu/libtinfo.so.6.3)
==2520695==    by 0x4B0E4C9: tgetent_sp (in /usr/lib/x86_64-linux-gnu/libtinfo.so.6.3)
==2520695==    by 0x48AA1CD: _rl_init_terminal_io (in /usr/lib/x86_64-linux-gnu/libreadline.so.8.1)
==2520695==    by 0x4896A0F: rl_initialize (in /usr/lib/x86_64-linux-gnu/libreadline.so.8.1)
==2520695==    by 0x4896CD4: readline (in /usr/lib/x86_64-linux-gnu/libreadline.so.8.1)
==2520695==    by 0x409638: master_shell_loop (main.c:81)
==2520695==    by 0x409719: main (main.c:106)
==2520695== 
==2520695== 46 bytes in 1 blocks are still reachable in loss record 19 of 79
==2520695==    at 0x484DCD3: realloc (in /usr/libexec/valgrind/vgpreload_memcheck-amd64-linux.so)
==2520695==    by 0x4B026CC: _nc_doalloc (in /usr/lib/x86_64-linux-gnu/libtinfo.so.6.3)
==2520695==    by 0x4B0D16F: _nc_read_termtype (in /usr/lib/x86_64-linux-gnu/libtinfo.so.6.3)
==2520695==    by 0x4B0D52A: ??? (in /usr/lib/x86_64-linux-gnu/libtinfo.so.6.3)
==2520695==    by 0x4B0FC40: ??? (in /usr/lib/x86_64-linux-gnu/libtinfo.so.6.3)
==2520695==    by 0x4B0D6BB: _nc_read_entry2 (in /usr/lib/x86_64-linux-gnu/libtinfo.so.6.3)
==2520695==    by 0x4B0D711: ??? (in /usr/lib/x86_64-linux-gnu/libtinfo.so.6.3)
==2520695==    by 0x4B0D866: _nc_setupterm (in /usr/lib/x86_64-linux-gnu/libtinfo.so.6.3)
==2520695==    by 0x4B0E4C9: tgetent_sp (in /usr/lib/x86_64-linux-gnu/libtinfo.so.6.3)
==2520695==    by 0x48AA1CD: _rl_init_terminal_io (in /usr/lib/x86_64-linux-gnu/libreadline.so.8.1)
==2520695==    by 0x4896A0F: rl_initialize (in /usr/lib/x86_64-linux-gnu/libreadline.so.8.1)
==2520695==    by 0x4896CD4: readline (in /usr/lib/x86_64-linux-gnu/libreadline.so.8.1)
==2520695== 
==2520695== 46 bytes in 1 blocks are still reachable in loss record 20 of 79
==2520695==    at 0x4848899: malloc (in /usr/libexec/valgrind/vgpreload_memcheck-amd64-linux.so)
==2520695==    by 0x4B01FDE: ??? (in /usr/lib/x86_64-linux-gnu/libtinfo.so.6.3)
==2520695==    by 0x4B0D87D: _nc_setupterm (in /usr/lib/x86_64-linux-gnu/libtinfo.so.6.3)
==2520695==    by 0x4B0E4C9: tgetent_sp (in /usr/lib/x86_64-linux-gnu/libtinfo.so.6.3)
==2520695==    by 0x48AA1CD: _rl_init_terminal_io (in /usr/lib/x86_64-linux-gnu/libreadline.so.8.1)
==2520695==    by 0x4896A0F: rl_initialize (in /usr/lib/x86_64-linux-gnu/libreadline.so.8.1)
==2520695==    by 0x4896CD4: readline (in /usr/lib/x86_64-linux-gnu/libreadline.so.8.1)
==2520695==    by 0x409638: master_shell_loop (main.c:81)
==2520695==    by 0x409719: main (main.c:106)
==2520695== 
==2520695== 48 bytes in 1 blocks are still reachable in loss record 21 of 79
==2520695==    at 0x484DA83: calloc (in /usr/libexec/valgrind/vgpreload_memcheck-amd64-linux.so)
==2520695==    by 0x4B03833: _nc_first_db (in /usr/lib/x86_64-linux-gnu/libtinfo.so.6.3)
==2520695==    by 0x4B0D696: _nc_read_entry2 (in /usr/lib/x86_64-linux-gnu/libtinfo.so.6.3)
==2520695==    by 0x4B0D711: ??? (in /usr/lib/x86_64-linux-gnu/libtinfo.so.6.3)
==2520695==    by 0x4B0D866: _nc_setupterm (in /usr/lib/x86_64-linux-gnu/libtinfo.so.6.3)
==2520695==    by 0x4B0E4C9: tgetent_sp (in /usr/lib/x86_64-linux-gnu/libtinfo.so.6.3)
==2520695==    by 0x48AA1CD: _rl_init_terminal_io (in /usr/lib/x86_64-linux-gnu/libreadline.so.8.1)
==2520695==    by 0x4896A0F: rl_initialize (in /usr/lib/x86_64-linux-gnu/libreadline.so.8.1)
==2520695==    by 0x4896CD4: readline (in /usr/lib/x86_64-linux-gnu/libreadline.so.8.1)
==2520695==    by 0x409638: master_shell_loop (main.c:81)
==2520695==    by 0x409719: main (main.c:106)
==2520695== 
==2520695== 48 bytes in 2 blocks are still reachable in loss record 22 of 79
==2520695==    at 0x4848899: malloc (in /usr/libexec/valgrind/vgpreload_memcheck-amd64-linux.so)
==2520695==    by 0x48AEBAC: xmalloc (in /usr/lib/x86_64-linux-gnu/libreadline.so.8.1)
==2520695==    by 0x48A5B1D: alloc_history_entry (in /usr/lib/x86_64-linux-gnu/libreadline.so.8.1)
==2520695==    by 0x48A7F65: add_history (in /usr/lib/x86_64-linux-gnu/libreadline.so.8.1)
==2520695==    by 0x40953C: ft_manage_inputline (main.c:50)
==2520695==    by 0x409676: master_shell_loop (main.c:88)
==2520695==    by 0x409719: main (main.c:106)
==2520695== 
==2520695== 56 bytes in 1 blocks are still reachable in loss record 23 of 79
==2520695==    at 0x4848899: malloc (in /usr/libexec/valgrind/vgpreload_memcheck-amd64-linux.so)
==2520695==    by 0x409ED1: ft_create_command_node (utils2.c:61)
==2520695==    by 0x4073BC: setup_command_parsing (parse_utils.c:51)
==2520695==    by 0x406B20: ft_parse_command (parser.c:21)
==2520695==    by 0x406C4C: ft_build_cmdline (parser.c:48)
==2520695==    by 0x406DE1: ft_parser_main (parser.c:95)
==2520695==    by 0x409588: ft_manage_inputline (main.c:58)
==2520695==    by 0x409676: master_shell_loop (main.c:88)
==2520695==    by 0x409719: main (main.c:106)
==2520695== 
==2520695== 64 bytes in 1 blocks are still reachable in loss record 24 of 79
==2520695==    at 0x4848899: malloc (in /usr/libexec/valgrind/vgpreload_memcheck-amd64-linux.so)
==2520695==    by 0x407302: init_command_args (parse_utils.c:25)
==2520695==    by 0x406B45: ft_parse_command (parser.c:24)
==2520695==    by 0x406C4C: ft_build_cmdline (parser.c:48)
==2520695==    by 0x406DE1: ft_parser_main (parser.c:95)
==2520695==    by 0x409588: ft_manage_inputline (main.c:58)
==2520695==    by 0x409676: master_shell_loop (main.c:88)
==2520695==    by 0x409719: main (main.c:106)
==2520695== 
==2520695== 78 bytes in 1 blocks are still reachable in loss record 25 of 79
==2520695==    at 0x4848899: malloc (in /usr/libexec/valgrind/vgpreload_memcheck-amd64-linux.so)
==2520695==    by 0x4B0204B: ??? (in /usr/lib/x86_64-linux-gnu/libtinfo.so.6.3)
==2520695==    by 0x4B0D87D: _nc_setupterm (in /usr/lib/x86_64-linux-gnu/libtinfo.so.6.3)
==2520695==    by 0x4B0E4C9: tgetent_sp (in /usr/lib/x86_64-linux-gnu/libtinfo.so.6.3)
==2520695==    by 0x48AA1CD: _rl_init_terminal_io (in /usr/lib/x86_64-linux-gnu/libreadline.so.8.1)
==2520695==    by 0x4896A0F: rl_initialize (in /usr/lib/x86_64-linux-gnu/libreadline.so.8.1)
==2520695==    by 0x4896CD4: readline (in /usr/lib/x86_64-linux-gnu/libreadline.so.8.1)
==2520695==    by 0x409638: master_shell_loop (main.c:81)
==2520695==    by 0x409719: main (main.c:106)
==2520695== 
==2520695== 93 bytes in 1 blocks are still reachable in loss record 26 of 79
==2520695==    at 0x4848899: malloc (in /usr/libexec/valgrind/vgpreload_memcheck-amd64-linux.so)
==2520695==    by 0x497158E: strdup (strdup.c:42)
==2520695==    by 0x4B05D54: ??? (in /usr/lib/x86_64-linux-gnu/libtinfo.so.6.3)
==2520695==    by 0x4B09098: _nc_tiparm (in /usr/lib/x86_64-linux-gnu/libtinfo.so.6.3)
==2520695==    by 0x4B0FC7D: ??? (in /usr/lib/x86_64-linux-gnu/libtinfo.so.6.3)
==2520695==    by 0x4B0FD09: _nc_trim_sgr0 (in /usr/lib/x86_64-linux-gnu/libtinfo.so.6.3)
==2520695==    by 0x4B0E6A8: tgetent_sp (in /usr/lib/x86_64-linux-gnu/libtinfo.so.6.3)
==2520695==    by 0x48AA1CD: _rl_init_terminal_io (in /usr/lib/x86_64-linux-gnu/libreadline.so.8.1)
==2520695==    by 0x4896A0F: rl_initialize (in /usr/lib/x86_64-linux-gnu/libreadline.so.8.1)
==2520695==    by 0x4896CD4: readline (in /usr/lib/x86_64-linux-gnu/libreadline.so.8.1)
==2520695==    by 0x409638: master_shell_loop (main.c:81)
==2520695==    by 0x409719: main (main.c:106)
==2520695== 
==2520695== 94 bytes in 1 blocks are still reachable in loss record 27 of 79
==2520695==    at 0x4848899: malloc (in /usr/libexec/valgrind/vgpreload_memcheck-amd64-linux.so)
==2520695==    by 0x4B0595B: _nc_tparm_analyze (in /usr/lib/x86_64-linux-gnu/libtinfo.so.6.3)
==2520695==    by 0x4B05C62: ??? (in /usr/lib/x86_64-linux-gnu/libtinfo.so.6.3)
==2520695==    by 0x4B09098: _nc_tiparm (in /usr/lib/x86_64-linux-gnu/libtinfo.so.6.3)
==2520695==    by 0x4B0FC7D: ??? (in /usr/lib/x86_64-linux-gnu/libtinfo.so.6.3)
==2520695==    by 0x4B0FD09: _nc_trim_sgr0 (in /usr/lib/x86_64-linux-gnu/libtinfo.so.6.3)
==2520695==    by 0x4B0E6A8: tgetent_sp (in /usr/lib/x86_64-linux-gnu/libtinfo.so.6.3)
==2520695==    by 0x48AA1CD: _rl_init_terminal_io (in /usr/lib/x86_64-linux-gnu/libreadline.so.8.1)
==2520695==    by 0x4896A0F: rl_initialize (in /usr/lib/x86_64-linux-gnu/libreadline.so.8.1)
==2520695==    by 0x4896CD4: readline (in /usr/lib/x86_64-linux-gnu/libreadline.so.8.1)
==2520695==    by 0x409638: master_shell_loop (main.c:81)
==2520695==    by 0x409719: main (main.c:106)
==2520695== 
==2520695== 96 bytes in 1 blocks are still reachable in loss record 28 of 79
==2520695==    at 0x4848899: malloc (in /usr/libexec/valgrind/vgpreload_memcheck-amd64-linux.so)
==2520695==    by 0x4B0379A: _nc_first_db (in /usr/lib/x86_64-linux-gnu/libtinfo.so.6.3)
==2520695==    by 0x4B0D696: _nc_read_entry2 (in /usr/lib/x86_64-linux-gnu/libtinfo.so.6.3)
==2520695==    by 0x4B0D711: ??? (in /usr/lib/x86_64-linux-gnu/libtinfo.so.6.3)
==2520695==    by 0x4B0D866: _nc_setupterm (in /usr/lib/x86_64-linux-gnu/libtinfo.so.6.3)
==2520695==    by 0x4B0E4C9: tgetent_sp (in /usr/lib/x86_64-linux-gnu/libtinfo.so.6.3)
==2520695==    by 0x48AA1CD: _rl_init_terminal_io (in /usr/lib/x86_64-linux-gnu/libreadline.so.8.1)
==2520695==    by 0x4896A0F: rl_initialize (in /usr/lib/x86_64-linux-gnu/libreadline.so.8.1)
==2520695==    by 0x4896CD4: readline (in /usr/lib/x86_64-linux-gnu/libreadline.so.8.1)
==2520695==    by 0x409638: master_shell_loop (main.c:81)
==2520695==    by 0x409719: main (main.c:106)
==2520695== 
==2520695== 111 bytes in 1 blocks are still reachable in loss record 29 of 79
==2520695==    at 0x4848899: malloc (in /usr/libexec/valgrind/vgpreload_memcheck-amd64-linux.so)
==2520695==    by 0x48AEBAC: xmalloc (in /usr/lib/x86_64-linux-gnu/libreadline.so.8.1)
==2520695==    by 0x488B1E3: rl_set_prompt (in /usr/lib/x86_64-linux-gnu/libreadline.so.8.1)
==2520695==    by 0x4896CCF: readline (in /usr/lib/x86_64-linux-gnu/libreadline.so.8.1)
==2520695==    by 0x409638: master_shell_loop (main.c:81)
==2520695==    by 0x409719: main (main.c:106)
==2520695== 
==2520695== 111 bytes in 1 blocks are still reachable in loss record 30 of 79
==2520695==    at 0x4848899: malloc (in /usr/libexec/valgrind/vgpreload_memcheck-amd64-linux.so)
==2520695==    by 0x48AEBAC: xmalloc (in /usr/lib/x86_64-linux-gnu/libreadline.so.8.1)
==2520695==    by 0x489B5F2: ??? (in /usr/lib/x86_64-linux-gnu/libreadline.so.8.1)
==2520695==    by 0x489BE0D: rl_expand_prompt (in /usr/lib/x86_64-linux-gnu/libreadline.so.8.1)
==2520695==    by 0x488B1BF: rl_set_prompt (in /usr/lib/x86_64-linux-gnu/libreadline.so.8.1)
==2520695==    by 0x4896CCF: readline (in /usr/lib/x86_64-linux-gnu/libreadline.so.8.1)
==2520695==    by 0x409638: master_shell_loop (main.c:81)
==2520695==    by 0x409719: main (main.c:106)
==2520695== 
==2520695== 156 bytes in 1 blocks are still reachable in loss record 31 of 79
==2520695==    at 0x484DCD3: realloc (in /usr/libexec/valgrind/vgpreload_memcheck-amd64-linux.so)
==2520695==    by 0x4B026CC: _nc_doalloc (in /usr/lib/x86_64-linux-gnu/libtinfo.so.6.3)
==2520695==    by 0x4B0D197: _nc_read_termtype (in /usr/lib/x86_64-linux-gnu/libtinfo.so.6.3)
==2520695==    by 0x4B0D52A: ??? (in /usr/lib/x86_64-linux-gnu/libtinfo.so.6.3)
==2520695==    by 0x4B0FC40: ??? (in /usr/lib/x86_64-linux-gnu/libtinfo.so.6.3)
==2520695==    by 0x4B0D6BB: _nc_read_entry2 (in /usr/lib/x86_64-linux-gnu/libtinfo.so.6.3)
==2520695==    by 0x4B0D711: ??? (in /usr/lib/x86_64-linux-gnu/libtinfo.so.6.3)
==2520695==    by 0x4B0D866: _nc_setupterm (in /usr/lib/x86_64-linux-gnu/libtinfo.so.6.3)
==2520695==    by 0x4B0E4C9: tgetent_sp (in /usr/lib/x86_64-linux-gnu/libtinfo.so.6.3)
==2520695==    by 0x48AA1CD: _rl_init_terminal_io (in /usr/lib/x86_64-linux-gnu/libreadline.so.8.1)
==2520695==    by 0x4896A0F: rl_initialize (in /usr/lib/x86_64-linux-gnu/libreadline.so.8.1)
==2520695==    by 0x4896CD4: readline (in /usr/lib/x86_64-linux-gnu/libreadline.so.8.1)
==2520695== 
==2520695== 168 bytes in 1 blocks are still reachable in loss record 32 of 79
==2520695==    at 0x484DA83: calloc (in /usr/libexec/valgrind/vgpreload_memcheck-amd64-linux.so)
==2520695==    by 0x4B05CCD: ??? (in /usr/lib/x86_64-linux-gnu/libtinfo.so.6.3)
==2520695==    by 0x4B09098: _nc_tiparm (in /usr/lib/x86_64-linux-gnu/libtinfo.so.6.3)
==2520695==    by 0x4B0FC7D: ??? (in /usr/lib/x86_64-linux-gnu/libtinfo.so.6.3)
==2520695==    by 0x4B0FD09: _nc_trim_sgr0 (in /usr/lib/x86_64-linux-gnu/libtinfo.so.6.3)
==2520695==    by 0x4B0E6A8: tgetent_sp (in /usr/lib/x86_64-linux-gnu/libtinfo.so.6.3)
==2520695==    by 0x48AA1CD: _rl_init_terminal_io (in /usr/lib/x86_64-linux-gnu/libreadline.so.8.1)
==2520695==    by 0x4896A0F: rl_initialize (in /usr/lib/x86_64-linux-gnu/libreadline.so.8.1)
==2520695==    by 0x4896CD4: readline (in /usr/lib/x86_64-linux-gnu/libreadline.so.8.1)
==2520695==    by 0x409638: master_shell_loop (main.c:81)
==2520695==    by 0x409719: main (main.c:106)
==2520695== 
==2520695== 256 bytes in 1 blocks are still reachable in loss record 33 of 79
==2520695==    at 0x4848899: malloc (in /usr/libexec/valgrind/vgpreload_memcheck-amd64-linux.so)
==2520695==    by 0x48AEBAC: xmalloc (in /usr/lib/x86_64-linux-gnu/libreadline.so.8.1)
==2520695==    by 0x4896C86: rl_initialize (in /usr/lib/x86_64-linux-gnu/libreadline.so.8.1)
==2520695==    by 0x4896CD4: readline (in /usr/lib/x86_64-linux-gnu/libreadline.so.8.1)
==2520695==    by 0x409638: master_shell_loop (main.c:81)
==2520695==    by 0x409719: main (main.c:106)
==2520695== 
==2520695== 608 bytes in 1 blocks are still reachable in loss record 34 of 79
==2520695==    at 0x484DA83: calloc (in /usr/libexec/valgrind/vgpreload_memcheck-amd64-linux.so)
==2520695==    by 0x4B0D37E: _nc_read_termtype (in /usr/lib/x86_64-linux-gnu/libtinfo.so.6.3)
==2520695==    by 0x4B0D52A: ??? (in /usr/lib/x86_64-linux-gnu/libtinfo.so.6.3)
==2520695==    by 0x4B0FC40: ??? (in /usr/lib/x86_64-linux-gnu/libtinfo.so.6.3)
==2520695==    by 0x4B0D6BB: _nc_read_entry2 (in /usr/lib/x86_64-linux-gnu/libtinfo.so.6.3)
==2520695==    by 0x4B0D711: ??? (in /usr/lib/x86_64-linux-gnu/libtinfo.so.6.3)
==2520695==    by 0x4B0D866: _nc_setupterm (in /usr/lib/x86_64-linux-gnu/libtinfo.so.6.3)
==2520695==    by 0x4B0E4C9: tgetent_sp (in /usr/lib/x86_64-linux-gnu/libtinfo.so.6.3)
==2520695==    by 0x48AA1CD: _rl_init_terminal_io (in /usr/lib/x86_64-linux-gnu/libreadline.so.8.1)
==2520695==    by 0x4896A0F: rl_initialize (in /usr/lib/x86_64-linux-gnu/libreadline.so.8.1)
==2520695==    by 0x4896CD4: readline (in /usr/lib/x86_64-linux-gnu/libreadline.so.8.1)
==2520695==    by 0x409638: master_shell_loop (main.c:81)
==2520695== 
==2520695== 608 bytes in 1 blocks are still reachable in loss record 35 of 79
==2520695==    at 0x4848899: malloc (in /usr/libexec/valgrind/vgpreload_memcheck-amd64-linux.so)
==2520695==    by 0x4B02119: ??? (in /usr/lib/x86_64-linux-gnu/libtinfo.so.6.3)
==2520695==    by 0x4B0D87D: _nc_setupterm (in /usr/lib/x86_64-linux-gnu/libtinfo.so.6.3)
==2520695==    by 0x4B0E4C9: tgetent_sp (in /usr/lib/x86_64-linux-gnu/libtinfo.so.6.3)
==2520695==    by 0x48AA1CD: _rl_init_terminal_io (in /usr/lib/x86_64-linux-gnu/libreadline.so.8.1)
==2520695==    by 0x4896A0F: rl_initialize (in /usr/lib/x86_64-linux-gnu/libreadline.so.8.1)
==2520695==    by 0x4896CD4: readline (in /usr/lib/x86_64-linux-gnu/libreadline.so.8.1)
==2520695==    by 0x409638: master_shell_loop (main.c:81)
==2520695==    by 0x409719: main (main.c:106)
==2520695== 
==2520695== 712 bytes in 1 blocks are still reachable in loss record 36 of 79
==2520695==    at 0x4848899: malloc (in /usr/libexec/valgrind/vgpreload_memcheck-amd64-linux.so)
==2520695==    by 0x4079C1: ft_env_list_to_array (env_array.c:85)
==2520695==    by 0x4068F6: setup_allocations (pipe_utils.c:21)
==2520695==    by 0x406784: ft_pipe_up_bonus (pipe.c:43)
==2520695==    by 0x408DF8: ft_start_execution (heredoc.c:111)
==2520695==    by 0x4095E2: ft_manage_inputline (main.c:64)
==2520695==    by 0x409676: master_shell_loop (main.c:88)
==2520695==    by 0x409719: main (main.c:106)
==2520695== 
==2520695== 760 bytes in 1 blocks are still reachable in loss record 37 of 79
==2520695==    at 0x484DA83: calloc (in /usr/libexec/valgrind/vgpreload_memcheck-amd64-linux.so)
==2520695==    by 0x4B0D819: _nc_setupterm (in /usr/lib/x86_64-linux-gnu/libtinfo.so.6.3)
==2520695==    by 0x4B0E4C9: tgetent_sp (in /usr/lib/x86_64-linux-gnu/libtinfo.so.6.3)
==2520695==    by 0x48AA1CD: _rl_init_terminal_io (in /usr/lib/x86_64-linux-gnu/libreadline.so.8.1)
==2520695==    by 0x4896A0F: rl_initialize (in /usr/lib/x86_64-linux-gnu/libreadline.so.8.1)
==2520695==    by 0x4896CD4: readline (in /usr/lib/x86_64-linux-gnu/libreadline.so.8.1)
==2520695==    by 0x409638: master_shell_loop (main.c:81)
==2520695==    by 0x409719: main (main.c:106)
==2520695== 
==2520695== 940 bytes in 1 blocks are still reachable in loss record 38 of 79
==2520695==    at 0x4848899: malloc (in /usr/libexec/valgrind/vgpreload_memcheck-amd64-linux.so)
==2520695==    by 0x4B0D287: _nc_read_termtype (in /usr/lib/x86_64-linux-gnu/libtinfo.so.6.3)
==2520695==    by 0x4B0D52A: ??? (in /usr/lib/x86_64-linux-gnu/libtinfo.so.6.3)
==2520695==    by 0x4B0FC40: ??? (in /usr/lib/x86_64-linux-gnu/libtinfo.so.6.3)
==2520695==    by 0x4B0D6BB: _nc_read_entry2 (in /usr/lib/x86_64-linux-gnu/libtinfo.so.6.3)
==2520695==    by 0x4B0D711: ??? (in /usr/lib/x86_64-linux-gnu/libtinfo.so.6.3)
==2520695==    by 0x4B0D866: _nc_setupterm (in /usr/lib/x86_64-linux-gnu/libtinfo.so.6.3)
==2520695==    by 0x4B0E4C9: tgetent_sp (in /usr/lib/x86_64-linux-gnu/libtinfo.so.6.3)
==2520695==    by 0x48AA1CD: _rl_init_terminal_io (in /usr/lib/x86_64-linux-gnu/libreadline.so.8.1)
==2520695==    by 0x4896A0F: rl_initialize (in /usr/lib/x86_64-linux-gnu/libreadline.so.8.1)
==2520695==    by 0x4896CD4: readline (in /usr/lib/x86_64-linux-gnu/libreadline.so.8.1)
==2520695==    by 0x409638: master_shell_loop (main.c:81)
==2520695== 
==2520695== 1,024 bytes in 1 blocks are still reachable in loss record 39 of 79
==2520695==    at 0x4848899: malloc (in /usr/libexec/valgrind/vgpreload_memcheck-amd64-linux.so)
==2520695==    by 0x48AF4A7: xrealloc (in /usr/lib/x86_64-linux-gnu/libreadline.so.8.1)
==2520695==    by 0x4898C7B: ??? (in /usr/lib/x86_64-linux-gnu/libreadline.so.8.1)
==2520695==    by 0x4898D67: ??? (in /usr/lib/x86_64-linux-gnu/libreadline.so.8.1)
==2520695==    by 0x48A1C7E: rl_redisplay (in /usr/lib/x86_64-linux-gnu/libreadline.so.8.1)
==2520695==    by 0x488C458: readline_internal_setup (in /usr/lib/x86_64-linux-gnu/libreadline.so.8.1)
==2520695==    by 0x4896CF8: readline (in /usr/lib/x86_64-linux-gnu/libreadline.so.8.1)
==2520695==    by 0x409638: master_shell_loop (main.c:81)
==2520695==    by 0x409719: main (main.c:106)
==2520695== 
==2520695== 1,024 bytes in 1 blocks are still reachable in loss record 40 of 79
==2520695==    at 0x4848899: malloc (in /usr/libexec/valgrind/vgpreload_memcheck-amd64-linux.so)
==2520695==    by 0x48AF4A7: xrealloc (in /usr/lib/x86_64-linux-gnu/libreadline.so.8.1)
==2520695==    by 0x4898C8B: ??? (in /usr/lib/x86_64-linux-gnu/libreadline.so.8.1)
==2520695==    by 0x4898D67: ??? (in /usr/lib/x86_64-linux-gnu/libreadline.so.8.1)
==2520695==    by 0x48A1C7E: rl_redisplay (in /usr/lib/x86_64-linux-gnu/libreadline.so.8.1)
==2520695==    by 0x488C458: readline_internal_setup (in /usr/lib/x86_64-linux-gnu/libreadline.so.8.1)
==2520695==    by 0x4896CF8: readline (in /usr/lib/x86_64-linux-gnu/libreadline.so.8.1)
==2520695==    by 0x409638: master_shell_loop (main.c:81)
==2520695==    by 0x409719: main (main.c:106)
==2520695== 
==2520695== 1,024 bytes in 1 blocks are still reachable in loss record 41 of 79
==2520695==    at 0x4848899: malloc (in /usr/libexec/valgrind/vgpreload_memcheck-amd64-linux.so)
==2520695==    by 0x48AF4A7: xrealloc (in /usr/lib/x86_64-linux-gnu/libreadline.so.8.1)
==2520695==    by 0x4898CA2: ??? (in /usr/lib/x86_64-linux-gnu/libreadline.so.8.1)
==2520695==    by 0x4898D67: ??? (in /usr/lib/x86_64-linux-gnu/libreadline.so.8.1)
==2520695==    by 0x48A1C7E: rl_redisplay (in /usr/lib/x86_64-linux-gnu/libreadline.so.8.1)
==2520695==    by 0x488C458: readline_internal_setup (in /usr/lib/x86_64-linux-gnu/libreadline.so.8.1)
==2520695==    by 0x4896CF8: readline (in /usr/lib/x86_64-linux-gnu/libreadline.so.8.1)
==2520695==    by 0x409638: master_shell_loop (main.c:81)
==2520695==    by 0x409719: main (main.c:106)
==2520695== 
==2520695== 1,024 bytes in 1 blocks are still reachable in loss record 42 of 79
==2520695==    at 0x4848899: malloc (in /usr/libexec/valgrind/vgpreload_memcheck-amd64-linux.so)
==2520695==    by 0x48AF4A7: xrealloc (in /usr/lib/x86_64-linux-gnu/libreadline.so.8.1)
==2520695==    by 0x4898CBB: ??? (in /usr/lib/x86_64-linux-gnu/libreadline.so.8.1)
==2520695==    by 0x4898D67: ??? (in /usr/lib/x86_64-linux-gnu/libreadline.so.8.1)
==2520695==    by 0x48A1C7E: rl_redisplay (in /usr/lib/x86_64-linux-gnu/libreadline.so.8.1)
==2520695==    by 0x488C458: readline_internal_setup (in /usr/lib/x86_64-linux-gnu/libreadline.so.8.1)
==2520695==    by 0x4896CF8: readline (in /usr/lib/x86_64-linux-gnu/libreadline.so.8.1)
==2520695==    by 0x409638: master_shell_loop (main.c:81)
==2520695==    by 0x409719: main (main.c:106)
==2520695== 
==2520695== 1,024 bytes in 1 blocks are still reachable in loss record 43 of 79
==2520695==    at 0x4848899: malloc (in /usr/libexec/valgrind/vgpreload_memcheck-amd64-linux.so)
==2520695==    by 0x48AEBAC: xmalloc (in /usr/lib/x86_64-linux-gnu/libreadline.so.8.1)
==2520695==    by 0x4898DC5: ??? (in /usr/lib/x86_64-linux-gnu/libreadline.so.8.1)
==2520695==    by 0x48A1C7E: rl_redisplay (in /usr/lib/x86_64-linux-gnu/libreadline.so.8.1)
==2520695==    by 0x488C458: readline_internal_setup (in /usr/lib/x86_64-linux-gnu/libreadline.so.8.1)
==2520695==    by 0x4896CF8: readline (in /usr/lib/x86_64-linux-gnu/libreadline.so.8.1)
==2520695==    by 0x409638: master_shell_loop (main.c:81)
==2520695==    by 0x409719: main (main.c:106)
==2520695== 
==2520695== 1,024 bytes in 1 blocks are still reachable in loss record 44 of 79
==2520695==    at 0x4848899: malloc (in /usr/libexec/valgrind/vgpreload_memcheck-amd64-linux.so)
==2520695==    by 0x48AEBAC: xmalloc (in /usr/lib/x86_64-linux-gnu/libreadline.so.8.1)
==2520695==    by 0x4898DDA: ??? (in /usr/lib/x86_64-linux-gnu/libreadline.so.8.1)
==2520695==    by 0x48A1C7E: rl_redisplay (in /usr/lib/x86_64-linux-gnu/libreadline.so.8.1)
==2520695==    by 0x488C458: readline_internal_setup (in /usr/lib/x86_64-linux-gnu/libreadline.so.8.1)
==2520695==    by 0x4896CF8: readline (in /usr/lib/x86_64-linux-gnu/libreadline.so.8.1)
==2520695==    by 0x409638: master_shell_loop (main.c:81)
==2520695==    by 0x409719: main (main.c:106)
==2520695== 
==2520695== 1,024 bytes in 1 blocks are still reachable in loss record 45 of 79
==2520695==    at 0x4848899: malloc (in /usr/libexec/valgrind/vgpreload_memcheck-amd64-linux.so)
==2520695==    by 0x48AEBAC: xmalloc (in /usr/lib/x86_64-linux-gnu/libreadline.so.8.1)
==2520695==    by 0x4898DE8: ??? (in /usr/lib/x86_64-linux-gnu/libreadline.so.8.1)
==2520695==    by 0x48A1C7E: rl_redisplay (in /usr/lib/x86_64-linux-gnu/libreadline.so.8.1)
==2520695==    by 0x488C458: readline_internal_setup (in /usr/lib/x86_64-linux-gnu/libreadline.so.8.1)
==2520695==    by 0x4896CF8: readline (in /usr/lib/x86_64-linux-gnu/libreadline.so.8.1)
==2520695==    by 0x409638: master_shell_loop (main.c:81)
==2520695==    by 0x409719: main (main.c:106)
==2520695== 
==2520695== 1,024 bytes in 1 blocks are still reachable in loss record 46 of 79
==2520695==    at 0x4848899: malloc (in /usr/libexec/valgrind/vgpreload_memcheck-amd64-linux.so)
==2520695==    by 0x48AEBAC: xmalloc (in /usr/lib/x86_64-linux-gnu/libreadline.so.8.1)
==2520695==    by 0x4898DF6: ??? (in /usr/lib/x86_64-linux-gnu/libreadline.so.8.1)
==2520695==    by 0x48A1C7E: rl_redisplay (in /usr/lib/x86_64-linux-gnu/libreadline.so.8.1)
==2520695==    by 0x488C458: readline_internal_setup (in /usr/lib/x86_64-linux-gnu/libreadline.so.8.1)
==2520695==    by 0x4896CF8: readline (in /usr/lib/x86_64-linux-gnu/libreadline.so.8.1)
==2520695==    by 0x409638: master_shell_loop (main.c:81)
==2520695==    by 0x409719: main (main.c:106)
==2520695== 
==2520695== 1,246 bytes in 87 blocks are still reachable in loss record 47 of 79
==2520695==    at 0x4848899: malloc (in /usr/libexec/valgrind/vgpreload_memcheck-amd64-linux.so)
==2520695==    by 0x40325B: ft_substr (ft_substr.c:31)
==2520695==    by 0x409FF2: ft_create_env_list (utils2.c:89)
==2520695==    by 0x4093D6: ft_build_env_list (build_env.c:27)
==2520695==    by 0x4094D5: ft_shell_setup (main.c:38)
==2520695==    by 0x4096F7: main (main.c:103)
==2520695== 
==2520695== 1,536 bytes in 1 blocks are still reachable in loss record 48 of 79
==2520695==    at 0x484DCD3: realloc (in /usr/libexec/valgrind/vgpreload_memcheck-amd64-linux.so)
==2520695==    by 0x48AF491: xrealloc (in /usr/lib/x86_64-linux-gnu/libreadline.so.8.1)
==2520695==    by 0x488C877: rl_add_funmap_entry (in /usr/lib/x86_64-linux-gnu/libreadline.so.8.1)
==2520695==    by 0x488C8C8: rl_initialize_funmap (in /usr/lib/x86_64-linux-gnu/libreadline.so.8.1)
==2520695==    by 0x4896A2C: rl_initialize (in /usr/lib/x86_64-linux-gnu/libreadline.so.8.1)
==2520695==    by 0x4896CD4: readline (in /usr/lib/x86_64-linux-gnu/libreadline.so.8.1)
==2520695==    by 0x409638: master_shell_loop (main.c:81)
==2520695==    by 0x409719: main (main.c:106)
==2520695== 
==2520695== 1,664 bytes in 1 blocks are still reachable in loss record 49 of 79
==2520695==    at 0x4848899: malloc (in /usr/libexec/valgrind/vgpreload_memcheck-amd64-linux.so)
==2520695==    by 0x4B0CACD: _nc_read_termtype (in /usr/lib/x86_64-linux-gnu/libtinfo.so.6.3)
==2520695==    by 0x4B0D52A: ??? (in /usr/lib/x86_64-linux-gnu/libtinfo.so.6.3)
==2520695==    by 0x4B0FC40: ??? (in /usr/lib/x86_64-linux-gnu/libtinfo.so.6.3)
==2520695==    by 0x4B0D6BB: _nc_read_entry2 (in /usr/lib/x86_64-linux-gnu/libtinfo.so.6.3)
==2520695==    by 0x4B0D711: ??? (in /usr/lib/x86_64-linux-gnu/libtinfo.so.6.3)
==2520695==    by 0x4B0D866: _nc_setupterm (in /usr/lib/x86_64-linux-gnu/libtinfo.so.6.3)
==2520695==    by 0x4B0E4C9: tgetent_sp (in /usr/lib/x86_64-linux-gnu/libtinfo.so.6.3)
==2520695==    by 0x48AA1CD: _rl_init_terminal_io (in /usr/lib/x86_64-linux-gnu/libreadline.so.8.1)
==2520695==    by 0x4896A0F: rl_initialize (in /usr/lib/x86_64-linux-gnu/libreadline.so.8.1)
==2520695==    by 0x4896CD4: readline (in /usr/lib/x86_64-linux-gnu/libreadline.so.8.1)
==2520695==    by 0x409638: master_shell_loop (main.c:81)
==2520695== 
==2520695== 2,032 bytes in 1 blocks are still reachable in loss record 50 of 79
==2520695==    at 0x4848899: malloc (in /usr/libexec/valgrind/vgpreload_memcheck-amd64-linux.so)
==2520695==    by 0x48AEBAC: xmalloc (in /usr/lib/x86_64-linux-gnu/libreadline.so.8.1)
==2520695==    by 0x48AA419: _rl_init_terminal_io (in /usr/lib/x86_64-linux-gnu/libreadline.so.8.1)
==2520695==    by 0x4896A0F: rl_initialize (in /usr/lib/x86_64-linux-gnu/libreadline.so.8.1)
==2520695==    by 0x4896CD4: readline (in /usr/lib/x86_64-linux-gnu/libreadline.so.8.1)
==2520695==    by 0x409638: master_shell_loop (main.c:81)
==2520695==    by 0x409719: main (main.c:106)
==2520695== 
==2520695== 2,088 bytes in 87 blocks are still reachable in loss record 51 of 79
==2520695==    at 0x4848899: malloc (in /usr/libexec/valgrind/vgpreload_memcheck-amd64-linux.so)
==2520695==    by 0x409F85: ft_create_env_list (utils2.c:82)
==2520695==    by 0x4093D6: ft_build_env_list (build_env.c:27)
==2520695==    by 0x4094D5: ft_shell_setup (main.c:38)
==2520695==    by 0x4096F7: main (main.c:103)
==2520695== 
==2520695== 2,240 bytes in 140 blocks are still reachable in loss record 52 of 79
==2520695==    at 0x4848899: malloc (in /usr/libexec/valgrind/vgpreload_memcheck-amd64-linux.so)
==2520695==    by 0x48AEBAC: xmalloc (in /usr/lib/x86_64-linux-gnu/libreadline.so.8.1)
==2520695==    by 0x488C822: rl_add_funmap_entry (in /usr/lib/x86_64-linux-gnu/libreadline.so.8.1)
==2520695==    by 0x488C8C8: rl_initialize_funmap (in /usr/lib/x86_64-linux-gnu/libreadline.so.8.1)
==2520695==    by 0x4896A2C: rl_initialize (in /usr/lib/x86_64-linux-gnu/libreadline.so.8.1)
==2520695==    by 0x4896CD4: readline (in /usr/lib/x86_64-linux-gnu/libreadline.so.8.1)
==2520695==    by 0x409638: master_shell_loop (main.c:81)
==2520695==    by 0x409719: main (main.c:106)
==2520695== 
==2520695== 3,507 bytes in 87 blocks are still reachable in loss record 53 of 79
==2520695==    at 0x4848899: malloc (in /usr/libexec/valgrind/vgpreload_memcheck-amd64-linux.so)
==2520695==    by 0x402790: ft_strdup (ft_strdup.c:24)
==2520695==    by 0x40A02D: ft_create_env_list (utils2.c:92)
==2520695==    by 0x4093D6: ft_build_env_list (build_env.c:27)
==2520695==    by 0x4094D5: ft_shell_setup (main.c:38)
==2520695==    by 0x4096F7: main (main.c:103)
==2520695== 
==2520695== 3,904 bytes in 1 blocks are still reachable in loss record 54 of 79
==2520695==    at 0x484DCD3: realloc (in /usr/libexec/valgrind/vgpreload_memcheck-amd64-linux.so)
==2520695==    by 0x4B026CC: _nc_doalloc (in /usr/lib/x86_64-linux-gnu/libtinfo.so.6.3)
==2520695==    by 0x4B0D1B5: _nc_read_termtype (in /usr/lib/x86_64-linux-gnu/libtinfo.so.6.3)
==2520695==    by 0x4B0D52A: ??? (in /usr/lib/x86_64-linux-gnu/libtinfo.so.6.3)
==2520695==    by 0x4B0FC40: ??? (in /usr/lib/x86_64-linux-gnu/libtinfo.so.6.3)
==2520695==    by 0x4B0D6BB: _nc_read_entry2 (in /usr/lib/x86_64-linux-gnu/libtinfo.so.6.3)
==2520695==    by 0x4B0D711: ??? (in /usr/lib/x86_64-linux-gnu/libtinfo.so.6.3)
==2520695==    by 0x4B0D866: _nc_setupterm (in /usr/lib/x86_64-linux-gnu/libtinfo.so.6.3)
==2520695==    by 0x4B0E4C9: tgetent_sp (in /usr/lib/x86_64-linux-gnu/libtinfo.so.6.3)
==2520695==    by 0x48AA1CD: _rl_init_terminal_io (in /usr/lib/x86_64-linux-gnu/libreadline.so.8.1)
==2520695==    by 0x4896A0F: rl_initialize (in /usr/lib/x86_64-linux-gnu/libreadline.so.8.1)
==2520695==    by 0x4896CD4: readline (in /usr/lib/x86_64-linux-gnu/libreadline.so.8.1)
==2520695== 
==2520695== 3,904 bytes in 1 blocks are still reachable in loss record 55 of 79
==2520695==    at 0x4848899: malloc (in /usr/libexec/valgrind/vgpreload_memcheck-amd64-linux.so)
==2520695==    by 0x4B01FFF: ??? (in /usr/lib/x86_64-linux-gnu/libtinfo.so.6.3)
==2520695==    by 0x4B0D87D: _nc_setupterm (in /usr/lib/x86_64-linux-gnu/libtinfo.so.6.3)
==2520695==    by 0x4B0E4C9: tgetent_sp (in /usr/lib/x86_64-linux-gnu/libtinfo.so.6.3)
==2520695==    by 0x48AA1CD: _rl_init_terminal_io (in /usr/lib/x86_64-linux-gnu/libreadline.so.8.1)
==2520695==    by 0x4896A0F: rl_initialize (in /usr/lib/x86_64-linux-gnu/libreadline.so.8.1)
==2520695==    by 0x4896CD4: readline (in /usr/lib/x86_64-linux-gnu/libreadline.so.8.1)
==2520695==    by 0x409638: master_shell_loop (main.c:81)
==2520695==    by 0x409719: main (main.c:106)
==2520695== 
==2520695== 4,016 bytes in 1 blocks are still reachable in loss record 56 of 79
==2520695==    at 0x4848899: malloc (in /usr/libexec/valgrind/vgpreload_memcheck-amd64-linux.so)
==2520695==    by 0x48AEBAC: xmalloc (in /usr/lib/x86_64-linux-gnu/libreadline.so.8.1)
==2520695==    by 0x48A7FD6: add_history (in /usr/lib/x86_64-linux-gnu/libreadline.so.8.1)
==2520695==    by 0x40953C: ft_manage_inputline (main.c:50)
==2520695==    by 0x409676: master_shell_loop (main.c:88)
==2520695==    by 0x409719: main (main.c:106)
==2520695== 
==2520695== 4,080 bytes in 1 blocks are still reachable in loss record 57 of 79
==2520695==    at 0x4848899: malloc (in /usr/libexec/valgrind/vgpreload_memcheck-amd64-linux.so)
==2520695==    by 0x48AEBAC: xmalloc (in /usr/lib/x86_64-linux-gnu/libreadline.so.8.1)
==2520695==    by 0x48AA3F9: _rl_init_terminal_io (in /usr/lib/x86_64-linux-gnu/libreadline.so.8.1)
==2520695==    by 0x4896A0F: rl_initialize (in /usr/lib/x86_64-linux-gnu/libreadline.so.8.1)
==2520695==    by 0x4896CD4: readline (in /usr/lib/x86_64-linux-gnu/libreadline.so.8.1)
==2520695==    by 0x409638: master_shell_loop (main.c:81)
==2520695==    by 0x409719: main (main.c:106)
==2520695== 
==2520695== 4,112 bytes in 1 blocks are still reachable in loss record 58 of 79
==2520695==    at 0x4848899: malloc (in /usr/libexec/valgrind/vgpreload_memcheck-amd64-linux.so)
==2520695==    by 0x48AEBAC: xmalloc (in /usr/lib/x86_64-linux-gnu/libreadline.so.8.1)
==2520695==    by 0x488B251: rl_make_bare_keymap (in /usr/lib/x86_64-linux-gnu/libreadline.so.8.1)
==2520695==    by 0x488BB6A: rl_generic_bind (in /usr/lib/x86_64-linux-gnu/libreadline.so.8.1)
==2520695==    by 0x489675D: rl_bind_keyseq_if_unbound_in_map (in /usr/lib/x86_64-linux-gnu/libreadline.so.8.1)
==2520695==    by 0x48A9DD5: ??? (in /usr/lib/x86_64-linux-gnu/libreadline.so.8.1)
==2520695==    by 0x48AA31F: _rl_init_terminal_io (in /usr/lib/x86_64-linux-gnu/libreadline.so.8.1)
==2520695==    by 0x4896A0F: rl_initialize (in /usr/lib/x86_64-linux-gnu/libreadline.so.8.1)
==2520695==    by 0x4896CD4: readline (in /usr/lib/x86_64-linux-gnu/libreadline.so.8.1)
==2520695==    by 0x409638: master_shell_loop (main.c:81)
==2520695==    by 0x409719: main (main.c:106)
==2520695== 
==2520695== 4,112 bytes in 1 blocks are still reachable in loss record 59 of 79
==2520695==    at 0x4848899: malloc (in /usr/libexec/valgrind/vgpreload_memcheck-amd64-linux.so)
==2520695==    by 0x48AEBAC: xmalloc (in /usr/lib/x86_64-linux-gnu/libreadline.so.8.1)
==2520695==    by 0x488B251: rl_make_bare_keymap (in /usr/lib/x86_64-linux-gnu/libreadline.so.8.1)
==2520695==    by 0x488BB6A: rl_generic_bind (in /usr/lib/x86_64-linux-gnu/libreadline.so.8.1)
==2520695==    by 0x489675D: rl_bind_keyseq_if_unbound_in_map (in /usr/lib/x86_64-linux-gnu/libreadline.so.8.1)
==2520695==    by 0x48A9E5A: ??? (in /usr/lib/x86_64-linux-gnu/libreadline.so.8.1)
==2520695==    by 0x48AA31F: _rl_init_terminal_io (in /usr/lib/x86_64-linux-gnu/libreadline.so.8.1)
==2520695==    by 0x4896A0F: rl_initialize (in /usr/lib/x86_64-linux-gnu/libreadline.so.8.1)
==2520695==    by 0x4896CD4: readline (in /usr/lib/x86_64-linux-gnu/libreadline.so.8.1)
==2520695==    by 0x409638: master_shell_loop (main.c:81)
==2520695==    by 0x409719: main (main.c:106)
==2520695== 
==2520695== 4,112 bytes in 1 blocks are still reachable in loss record 60 of 79
==2520695==    at 0x4848899: malloc (in /usr/libexec/valgrind/vgpreload_memcheck-amd64-linux.so)
==2520695==    by 0x48AEBAC: xmalloc (in /usr/lib/x86_64-linux-gnu/libreadline.so.8.1)
==2520695==    by 0x488B251: rl_make_bare_keymap (in /usr/lib/x86_64-linux-gnu/libreadline.so.8.1)
==2520695==    by 0x488BB6A: rl_generic_bind (in /usr/lib/x86_64-linux-gnu/libreadline.so.8.1)
==2520695==    by 0x489675D: rl_bind_keyseq_if_unbound_in_map (in /usr/lib/x86_64-linux-gnu/libreadline.so.8.1)
==2520695==    by 0x48A9E5A: ??? (in /usr/lib/x86_64-linux-gnu/libreadline.so.8.1)
==2520695==    by 0x48AA32B: _rl_init_terminal_io (in /usr/lib/x86_64-linux-gnu/libreadline.so.8.1)
==2520695==    by 0x4896A0F: rl_initialize (in /usr/lib/x86_64-linux-gnu/libreadline.so.8.1)
==2520695==    by 0x4896CD4: readline (in /usr/lib/x86_64-linux-gnu/libreadline.so.8.1)
==2520695==    by 0x409638: master_shell_loop (main.c:81)
==2520695==    by 0x409719: main (main.c:106)
==2520695== 
==2520695== 4,112 bytes in 1 blocks are still reachable in loss record 61 of 79
==2520695==    at 0x4848899: malloc (in /usr/libexec/valgrind/vgpreload_memcheck-amd64-linux.so)
==2520695==    by 0x48AEBAC: xmalloc (in /usr/lib/x86_64-linux-gnu/libreadline.so.8.1)
==2520695==    by 0x488B251: rl_make_bare_keymap (in /usr/lib/x86_64-linux-gnu/libreadline.so.8.1)
==2520695==    by 0x488BB6A: rl_generic_bind (in /usr/lib/x86_64-linux-gnu/libreadline.so.8.1)
==2520695==    by 0x489675D: rl_bind_keyseq_if_unbound_in_map (in /usr/lib/x86_64-linux-gnu/libreadline.so.8.1)
==2520695==    by 0x48A9E5A: ??? (in /usr/lib/x86_64-linux-gnu/libreadline.so.8.1)
==2520695==    by 0x48AA337: _rl_init_terminal_io (in /usr/lib/x86_64-linux-gnu/libreadline.so.8.1)
==2520695==    by 0x4896A0F: rl_initialize (in /usr/lib/x86_64-linux-gnu/libreadline.so.8.1)
==2520695==    by 0x4896CD4: readline (in /usr/lib/x86_64-linux-gnu/libreadline.so.8.1)
==2520695==    by 0x409638: master_shell_loop (main.c:81)
==2520695==    by 0x409719: main (main.c:106)
==2520695== 
==2520695== 4,112 bytes in 1 blocks are still reachable in loss record 62 of 79
==2520695==    at 0x4848899: malloc (in /usr/libexec/valgrind/vgpreload_memcheck-amd64-linux.so)
==2520695==    by 0x48AEBAC: xmalloc (in /usr/lib/x86_64-linux-gnu/libreadline.so.8.1)
==2520695==    by 0x488B251: rl_make_bare_keymap (in /usr/lib/x86_64-linux-gnu/libreadline.so.8.1)
==2520695==    by 0x488BB6A: rl_generic_bind (in /usr/lib/x86_64-linux-gnu/libreadline.so.8.1)
==2520695==    by 0x489675D: rl_bind_keyseq_if_unbound_in_map (in /usr/lib/x86_64-linux-gnu/libreadline.so.8.1)
==2520695==    by 0x489694C: ??? (in /usr/lib/x86_64-linux-gnu/libreadline.so.8.1)
==2520695==    by 0x4896A84: rl_initialize (in /usr/lib/x86_64-linux-gnu/libreadline.so.8.1)
==2520695==    by 0x4896CD4: readline (in /usr/lib/x86_64-linux-gnu/libreadline.so.8.1)
==2520695==    by 0x409638: master_shell_loop (main.c:81)
==2520695==    by 0x409719: main (main.c:106)
==2520695== 
==2520695== 4,112 bytes in 1 blocks are still reachable in loss record 63 of 79
==2520695==    at 0x4848899: malloc (in /usr/libexec/valgrind/vgpreload_memcheck-amd64-linux.so)
==2520695==    by 0x48AEBAC: xmalloc (in /usr/lib/x86_64-linux-gnu/libreadline.so.8.1)
==2520695==    by 0x488B251: rl_make_bare_keymap (in /usr/lib/x86_64-linux-gnu/libreadline.so.8.1)
==2520695==    by 0x488BB6A: rl_generic_bind (in /usr/lib/x86_64-linux-gnu/libreadline.so.8.1)
==2520695==    by 0x489675D: rl_bind_keyseq_if_unbound_in_map (in /usr/lib/x86_64-linux-gnu/libreadline.so.8.1)
==2520695==    by 0x489694C: ??? (in /usr/lib/x86_64-linux-gnu/libreadline.so.8.1)
==2520695==    by 0x4896A93: rl_initialize (in /usr/lib/x86_64-linux-gnu/libreadline.so.8.1)
==2520695==    by 0x4896CD4: readline (in /usr/lib/x86_64-linux-gnu/libreadline.so.8.1)
==2520695==    by 0x409638: master_shell_loop (main.c:81)
==2520695==    by 0x409719: main (main.c:106)
==2520695== 
==2520695== 4,112 bytes in 1 blocks are still reachable in loss record 64 of 79
==2520695==    at 0x4848899: malloc (in /usr/libexec/valgrind/vgpreload_memcheck-amd64-linux.so)
==2520695==    by 0x48AEBAC: xmalloc (in /usr/lib/x86_64-linux-gnu/libreadline.so.8.1)
==2520695==    by 0x488B251: rl_make_bare_keymap (in /usr/lib/x86_64-linux-gnu/libreadline.so.8.1)
==2520695==    by 0x488BB6A: rl_generic_bind (in /usr/lib/x86_64-linux-gnu/libreadline.so.8.1)
==2520695==    by 0x489675D: rl_bind_keyseq_if_unbound_in_map (in /usr/lib/x86_64-linux-gnu/libreadline.so.8.1)
==2520695==    by 0x489694C: ??? (in /usr/lib/x86_64-linux-gnu/libreadline.so.8.1)
==2520695==    by 0x4896AB8: rl_initialize (in /usr/lib/x86_64-linux-gnu/libreadline.so.8.1)
==2520695==    by 0x4896CD4: readline (in /usr/lib/x86_64-linux-gnu/libreadline.so.8.1)
==2520695==    by 0x409638: master_shell_loop (main.c:81)
==2520695==    by 0x409719: main (main.c:106)
==2520695== 
==2520695== 4,763 bytes in 88 blocks are still reachable in loss record 65 of 79
==2520695==    at 0x4848899: malloc (in /usr/libexec/valgrind/vgpreload_memcheck-amd64-linux.so)
==2520695==    by 0x40294B: ft_strjoin (ft_strjoin.c:25)
==2520695==    by 0x4078EB: fill_envp_array (env_array.c:61)
==2520695==    by 0x4079EA: ft_env_list_to_array (env_array.c:88)
==2520695==    by 0x4068F6: setup_allocations (pipe_utils.c:21)
==2520695==    by 0x406784: ft_pipe_up_bonus (pipe.c:43)
==2520695==    by 0x408DF8: ft_start_execution (heredoc.c:111)
==2520695==    by 0x4095E2: ft_manage_inputline (main.c:64)
==2520695==    by 0x409676: master_shell_loop (main.c:88)
==2520695==    by 0x409719: main (main.c:106)
==2520695== 
==2520695== 7,952 bytes in 1 blocks are still reachable in loss record 66 of 79
==2520695==    at 0x484DA83: calloc (in /usr/libexec/valgrind/vgpreload_memcheck-amd64-linux.so)
==2520695==    by 0x4B00C97: ??? (in /usr/lib/x86_64-linux-gnu/libtinfo.so.6.3)
==2520695==    by 0x4B023AF: _nc_find_type_entry (in /usr/lib/x86_64-linux-gnu/libtinfo.so.6.3)
==2520695==    by 0x4B04E4C: tgetstr_sp (in /usr/lib/x86_64-linux-gnu/libtinfo.so.6.3)
==2520695==    by 0x48AA21A: _rl_init_terminal_io (in /usr/lib/x86_64-linux-gnu/libreadline.so.8.1)
==2520695==    by 0x4896A0F: rl_initialize (in /usr/lib/x86_64-linux-gnu/libreadline.so.8.1)
==2520695==    by 0x4896CD4: readline (in /usr/lib/x86_64-linux-gnu/libreadline.so.8.1)
==2520695==    by 0x409638: master_shell_loop (main.c:81)
==2520695==    by 0x409719: main (main.c:106)
==2520695== 
==2520695== 8,224 bytes in 2 blocks are still reachable in loss record 67 of 79
==2520695==    at 0x4848899: malloc (in /usr/libexec/valgrind/vgpreload_memcheck-amd64-linux.so)
==2520695==    by 0x48AEBAC: xmalloc (in /usr/lib/x86_64-linux-gnu/libreadline.so.8.1)
==2520695==    by 0x488B251: rl_make_bare_keymap (in /usr/lib/x86_64-linux-gnu/libreadline.so.8.1)
==2520695==    by 0x488BB6A: rl_generic_bind (in /usr/lib/x86_64-linux-gnu/libreadline.so.8.1)
==2520695==    by 0x489675D: rl_bind_keyseq_if_unbound_in_map (in /usr/lib/x86_64-linux-gnu/libreadline.so.8.1)
==2520695==    by 0x48A9E47: ??? (in /usr/lib/x86_64-linux-gnu/libreadline.so.8.1)
==2520695==    by 0x48AA31F: _rl_init_terminal_io (in /usr/lib/x86_64-linux-gnu/libreadline.so.8.1)
==2520695==    by 0x4896A0F: rl_initialize (in /usr/lib/x86_64-linux-gnu/libreadline.so.8.1)
==2520695==    by 0x4896CD4: readline (in /usr/lib/x86_64-linux-gnu/libreadline.so.8.1)
==2520695==    by 0x409638: master_shell_loop (main.c:81)
==2520695==    by 0x409719: main (main.c:106)
==2520695== 
==2520695== 8,224 bytes in 2 blocks are still reachable in loss record 68 of 79
==2520695==    at 0x4848899: malloc (in /usr/libexec/valgrind/vgpreload_memcheck-amd64-linux.so)
==2520695==    by 0x48AEBAC: xmalloc (in /usr/lib/x86_64-linux-gnu/libreadline.so.8.1)
==2520695==    by 0x488B251: rl_make_bare_keymap (in /usr/lib/x86_64-linux-gnu/libreadline.so.8.1)
==2520695==    by 0x488BB6A: rl_generic_bind (in /usr/lib/x86_64-linux-gnu/libreadline.so.8.1)
==2520695==    by 0x489675D: rl_bind_keyseq_if_unbound_in_map (in /usr/lib/x86_64-linux-gnu/libreadline.so.8.1)
==2520695==    by 0x48A9DD5: ??? (in /usr/lib/x86_64-linux-gnu/libreadline.so.8.1)
==2520695==    by 0x48AA32B: _rl_init_terminal_io (in /usr/lib/x86_64-linux-gnu/libreadline.so.8.1)
==2520695==    by 0x4896A0F: rl_initialize (in /usr/lib/x86_64-linux-gnu/libreadline.so.8.1)
==2520695==    by 0x4896CD4: readline (in /usr/lib/x86_64-linux-gnu/libreadline.so.8.1)
==2520695==    by 0x409638: master_shell_loop (main.c:81)
==2520695==    by 0x409719: main (main.c:106)
==2520695== 
==2520695== 8,224 bytes in 2 blocks are still reachable in loss record 69 of 79
==2520695==    at 0x4848899: malloc (in /usr/libexec/valgrind/vgpreload_memcheck-amd64-linux.so)
==2520695==    by 0x48AEBAC: xmalloc (in /usr/lib/x86_64-linux-gnu/libreadline.so.8.1)
==2520695==    by 0x488B251: rl_make_bare_keymap (in /usr/lib/x86_64-linux-gnu/libreadline.so.8.1)
==2520695==    by 0x488BB6A: rl_generic_bind (in /usr/lib/x86_64-linux-gnu/libreadline.so.8.1)
==2520695==    by 0x489675D: rl_bind_keyseq_if_unbound_in_map (in /usr/lib/x86_64-linux-gnu/libreadline.so.8.1)
==2520695==    by 0x48A9E47: ??? (in /usr/lib/x86_64-linux-gnu/libreadline.so.8.1)
==2520695==    by 0x48AA32B: _rl_init_terminal_io (in /usr/lib/x86_64-linux-gnu/libreadline.so.8.1)
==2520695==    by 0x4896A0F: rl_initialize (in /usr/lib/x86_64-linux-gnu/libreadline.so.8.1)
==2520695==    by 0x4896CD4: readline (in /usr/lib/x86_64-linux-gnu/libreadline.so.8.1)
==2520695==    by 0x409638: master_shell_loop (main.c:81)
==2520695==    by 0x409719: main (main.c:106)
==2520695== 
==2520695== 8,224 bytes in 2 blocks are still reachable in loss record 70 of 79
==2520695==    at 0x4848899: malloc (in /usr/libexec/valgrind/vgpreload_memcheck-amd64-linux.so)
==2520695==    by 0x48AEBAC: xmalloc (in /usr/lib/x86_64-linux-gnu/libreadline.so.8.1)
==2520695==    by 0x488B251: rl_make_bare_keymap (in /usr/lib/x86_64-linux-gnu/libreadline.so.8.1)
==2520695==    by 0x488BB6A: rl_generic_bind (in /usr/lib/x86_64-linux-gnu/libreadline.so.8.1)
==2520695==    by 0x489675D: rl_bind_keyseq_if_unbound_in_map (in /usr/lib/x86_64-linux-gnu/libreadline.so.8.1)
==2520695==    by 0x48A9DD5: ??? (in /usr/lib/x86_64-linux-gnu/libreadline.so.8.1)
==2520695==    by 0x48AA337: _rl_init_terminal_io (in /usr/lib/x86_64-linux-gnu/libreadline.so.8.1)
==2520695==    by 0x4896A0F: rl_initialize (in /usr/lib/x86_64-linux-gnu/libreadline.so.8.1)
==2520695==    by 0x4896CD4: readline (in /usr/lib/x86_64-linux-gnu/libreadline.so.8.1)
==2520695==    by 0x409638: master_shell_loop (main.c:81)
==2520695==    by 0x409719: main (main.c:106)
==2520695== 
==2520695== 8,224 bytes in 2 blocks are still reachable in loss record 71 of 79
==2520695==    at 0x4848899: malloc (in /usr/libexec/valgrind/vgpreload_memcheck-amd64-linux.so)
==2520695==    by 0x48AEBAC: xmalloc (in /usr/lib/x86_64-linux-gnu/libreadline.so.8.1)
==2520695==    by 0x488B251: rl_make_bare_keymap (in /usr/lib/x86_64-linux-gnu/libreadline.so.8.1)
==2520695==    by 0x488BB6A: rl_generic_bind (in /usr/lib/x86_64-linux-gnu/libreadline.so.8.1)
==2520695==    by 0x489675D: rl_bind_keyseq_if_unbound_in_map (in /usr/lib/x86_64-linux-gnu/libreadline.so.8.1)
==2520695==    by 0x48A9E47: ??? (in /usr/lib/x86_64-linux-gnu/libreadline.so.8.1)
==2520695==    by 0x48AA337: _rl_init_terminal_io (in /usr/lib/x86_64-linux-gnu/libreadline.so.8.1)
==2520695==    by 0x4896A0F: rl_initialize (in /usr/lib/x86_64-linux-gnu/libreadline.so.8.1)
==2520695==    by 0x4896CD4: readline (in /usr/lib/x86_64-linux-gnu/libreadline.so.8.1)
==2520695==    by 0x409638: master_shell_loop (main.c:81)
==2520695==    by 0x409719: main (main.c:106)
==2520695== 
==2520695== 8,224 bytes in 2 blocks are still reachable in loss record 72 of 79
==2520695==    at 0x4848899: malloc (in /usr/libexec/valgrind/vgpreload_memcheck-amd64-linux.so)
==2520695==    by 0x48AEBAC: xmalloc (in /usr/lib/x86_64-linux-gnu/libreadline.so.8.1)
==2520695==    by 0x488B251: rl_make_bare_keymap (in /usr/lib/x86_64-linux-gnu/libreadline.so.8.1)
==2520695==    by 0x488BB6A: rl_generic_bind (in /usr/lib/x86_64-linux-gnu/libreadline.so.8.1)
==2520695==    by 0x489675D: rl_bind_keyseq_if_unbound_in_map (in /usr/lib/x86_64-linux-gnu/libreadline.so.8.1)
==2520695==    by 0x489693D: ??? (in /usr/lib/x86_64-linux-gnu/libreadline.so.8.1)
==2520695==    by 0x4896A84: rl_initialize (in /usr/lib/x86_64-linux-gnu/libreadline.so.8.1)
==2520695==    by 0x4896CD4: readline (in /usr/lib/x86_64-linux-gnu/libreadline.so.8.1)
==2520695==    by 0x409638: master_shell_loop (main.c:81)
==2520695==    by 0x409719: main (main.c:106)
==2520695== 
==2520695== 8,224 bytes in 2 blocks are still reachable in loss record 73 of 79
==2520695==    at 0x4848899: malloc (in /usr/libexec/valgrind/vgpreload_memcheck-amd64-linux.so)
==2520695==    by 0x48AEBAC: xmalloc (in /usr/lib/x86_64-linux-gnu/libreadline.so.8.1)
==2520695==    by 0x488B251: rl_make_bare_keymap (in /usr/lib/x86_64-linux-gnu/libreadline.so.8.1)
==2520695==    by 0x488BB6A: rl_generic_bind (in /usr/lib/x86_64-linux-gnu/libreadline.so.8.1)
==2520695==    by 0x489675D: rl_bind_keyseq_if_unbound_in_map (in /usr/lib/x86_64-linux-gnu/libreadline.so.8.1)
==2520695==    by 0x489693D: ??? (in /usr/lib/x86_64-linux-gnu/libreadline.so.8.1)
==2520695==    by 0x4896A93: rl_initialize (in /usr/lib/x86_64-linux-gnu/libreadline.so.8.1)
==2520695==    by 0x4896CD4: readline (in /usr/lib/x86_64-linux-gnu/libreadline.so.8.1)
==2520695==    by 0x409638: master_shell_loop (main.c:81)
==2520695==    by 0x409719: main (main.c:106)
==2520695== 
==2520695== 8,224 bytes in 2 blocks are still reachable in loss record 74 of 79
==2520695==    at 0x4848899: malloc (in /usr/libexec/valgrind/vgpreload_memcheck-amd64-linux.so)
==2520695==    by 0x48AEBAC: xmalloc (in /usr/lib/x86_64-linux-gnu/libreadline.so.8.1)
==2520695==    by 0x488B251: rl_make_bare_keymap (in /usr/lib/x86_64-linux-gnu/libreadline.so.8.1)
==2520695==    by 0x488BB6A: rl_generic_bind (in /usr/lib/x86_64-linux-gnu/libreadline.so.8.1)
==2520695==    by 0x489675D: rl_bind_keyseq_if_unbound_in_map (in /usr/lib/x86_64-linux-gnu/libreadline.so.8.1)
==2520695==    by 0x489693D: ??? (in /usr/lib/x86_64-linux-gnu/libreadline.so.8.1)
==2520695==    by 0x4896AB8: rl_initialize (in /usr/lib/x86_64-linux-gnu/libreadline.so.8.1)
==2520695==    by 0x4896CD4: readline (in /usr/lib/x86_64-linux-gnu/libreadline.so.8.1)
==2520695==    by 0x409638: master_shell_loop (main.c:81)
==2520695==    by 0x409719: main (main.c:106)
==2520695== 
==2520695== 8,224 bytes in 2 blocks are still reachable in loss record 75 of 79
==2520695==    at 0x4848899: malloc (in /usr/libexec/valgrind/vgpreload_memcheck-amd64-linux.so)
==2520695==    by 0x48AEBAC: xmalloc (in /usr/lib/x86_64-linux-gnu/libreadline.so.8.1)
==2520695==    by 0x488B251: rl_make_bare_keymap (in /usr/lib/x86_64-linux-gnu/libreadline.so.8.1)
==2520695==    by 0x488BB6A: rl_generic_bind (in /usr/lib/x86_64-linux-gnu/libreadline.so.8.1)
==2520695==    by 0x489675D: rl_bind_keyseq_if_unbound_in_map (in /usr/lib/x86_64-linux-gnu/libreadline.so.8.1)
==2520695==    by 0x4896AD2: rl_initialize (in /usr/lib/x86_64-linux-gnu/libreadline.so.8.1)
==2520695==    by 0x4896CD4: readline (in /usr/lib/x86_64-linux-gnu/libreadline.so.8.1)
==2520695==    by 0x409638: master_shell_loop (main.c:81)
==2520695==    by 0x409719: main (main.c:106)
==2520695== 
==2520695== 8,224 bytes in 2 blocks are still reachable in loss record 76 of 79
==2520695==    at 0x4848899: malloc (in /usr/libexec/valgrind/vgpreload_memcheck-amd64-linux.so)
==2520695==    by 0x48AEBAC: xmalloc (in /usr/lib/x86_64-linux-gnu/libreadline.so.8.1)
==2520695==    by 0x488B251: rl_make_bare_keymap (in /usr/lib/x86_64-linux-gnu/libreadline.so.8.1)
==2520695==    by 0x488BB6A: rl_generic_bind (in /usr/lib/x86_64-linux-gnu/libreadline.so.8.1)
==2520695==    by 0x489675D: rl_bind_keyseq_if_unbound_in_map (in /usr/lib/x86_64-linux-gnu/libreadline.so.8.1)
==2520695==    by 0x4896AE1: rl_initialize (in /usr/lib/x86_64-linux-gnu/libreadline.so.8.1)
==2520695==    by 0x4896CD4: readline (in /usr/lib/x86_64-linux-gnu/libreadline.so.8.1)
==2520695==    by 0x409638: master_shell_loop (main.c:81)
==2520695==    by 0x409719: main (main.c:106)
==2520695== 
==2520695== 12,336 bytes in 3 blocks are still reachable in loss record 77 of 79
==2520695==    at 0x4848899: malloc (in /usr/libexec/valgrind/vgpreload_memcheck-amd64-linux.so)
==2520695==    by 0x48AEBAC: xmalloc (in /usr/lib/x86_64-linux-gnu/libreadline.so.8.1)
==2520695==    by 0x488B251: rl_make_bare_keymap (in /usr/lib/x86_64-linux-gnu/libreadline.so.8.1)
==2520695==    by 0x488BB6A: rl_generic_bind (in /usr/lib/x86_64-linux-gnu/libreadline.so.8.1)
==2520695==    by 0x489675D: rl_bind_keyseq_if_unbound_in_map (in /usr/lib/x86_64-linux-gnu/libreadline.so.8.1)
==2520695==    by 0x4896914: ??? (in /usr/lib/x86_64-linux-gnu/libreadline.so.8.1)
==2520695==    by 0x4896A93: rl_initialize (in /usr/lib/x86_64-linux-gnu/libreadline.so.8.1)
==2520695==    by 0x4896CD4: readline (in /usr/lib/x86_64-linux-gnu/libreadline.so.8.1)
==2520695==    by 0x409638: master_shell_loop (main.c:81)
==2520695==    by 0x409719: main (main.c:106)
==2520695== 
==2520695== 12,336 bytes in 3 blocks are still reachable in loss record 78 of 79
==2520695==    at 0x4848899: malloc (in /usr/libexec/valgrind/vgpreload_memcheck-amd64-linux.so)
==2520695==    by 0x48AEBAC: xmalloc (in /usr/lib/x86_64-linux-gnu/libreadline.so.8.1)
==2520695==    by 0x488B251: rl_make_bare_keymap (in /usr/lib/x86_64-linux-gnu/libreadline.so.8.1)
==2520695==    by 0x488BB6A: rl_generic_bind (in /usr/lib/x86_64-linux-gnu/libreadline.so.8.1)
==2520695==    by 0x489675D: rl_bind_keyseq_if_unbound_in_map (in /usr/lib/x86_64-linux-gnu/libreadline.so.8.1)
==2520695==    by 0x4896914: ??? (in /usr/lib/x86_64-linux-gnu/libreadline.so.8.1)
==2520695==    by 0x4896AB8: rl_initialize (in /usr/lib/x86_64-linux-gnu/libreadline.so.8.1)
==2520695==    by 0x4896CD4: readline (in /usr/lib/x86_64-linux-gnu/libreadline.so.8.1)
==2520695==    by 0x409638: master_shell_loop (main.c:81)
==2520695==    by 0x409719: main (main.c:106)
==2520695== 
==2520695== 28,784 bytes in 7 blocks are still reachable in loss record 79 of 79
==2520695==    at 0x4848899: malloc (in /usr/libexec/valgrind/vgpreload_memcheck-amd64-linux.so)
==2520695==    by 0x48AEBAC: xmalloc (in /usr/lib/x86_64-linux-gnu/libreadline.so.8.1)
==2520695==    by 0x488B251: rl_make_bare_keymap (in /usr/lib/x86_64-linux-gnu/libreadline.so.8.1)
==2520695==    by 0x488BB6A: rl_generic_bind (in /usr/lib/x86_64-linux-gnu/libreadline.so.8.1)
==2520695==    by 0x489C99E: rl_parse_and_bind (in /usr/lib/x86_64-linux-gnu/libreadline.so.8.1)
==2520695==    by 0x489CB6C: ??? (in /usr/lib/x86_64-linux-gnu/libreadline.so.8.1)
==2520695==    by 0x4896A38: rl_initialize (in /usr/lib/x86_64-linux-gnu/libreadline.so.8.1)
==2520695==    by 0x4896CD4: readline (in /usr/lib/x86_64-linux-gnu/libreadline.so.8.1)
==2520695==    by 0x409638: master_shell_loop (main.c:81)
==2520695==    by 0x409719: main (main.c:106)
==2520695== 
==2520695== LEAK SUMMARY:
==2520695==    definitely lost: 0 bytes in 0 blocks
==2520695==    indirectly lost: 0 bytes in 0 blocks
==2520695==      possibly lost: 0 bytes in 0 blocks
==2520695==    still reachable: 220,976 bytes in 586 blocks
==2520695==         suppressed: 0 bytes in 0 blocks
==2520695== 
==2520695== For lists of detected and suppressed errors, rerun with: -s
==2520695== ERROR SUMMARY: 0 errors from 0 contexts (suppressed: 0 from 0)
